TN:
SF:C:\Users\digvijay.misal\Desktop\Work\Contact-app\contact-app\src\polyfills.ts
FNF:0
FNH:0
LF:0
LH:0
BRF:0
BRH:0
end_of_record
TN:
SF:C:\Users\digvijay.misal\Desktop\Work\Contact-app\contact-app\src\test.ts
FNF:0
FNH:0
DA:18,1
DA:23,1
DA:25,1
LF:3
LH:3
BRF:0
BRH:0
end_of_record
TN:
SF:C:\Users\digvijay.misal\Desktop\Work\Contact-app\contact-app\src\app\app.component.ts
FN:8,(anonymous_0)
FNF:1
FNH:1
FNDA:2,(anonymous_0)
DA:8,1
DA:9,2
LF:2
LH:2
BRF:0
BRH:0
end_of_record
TN:
SF:C:\Users\digvijay.misal\Desktop\Work\Contact-app\contact-app\src\app\contact\add-contact\add-contact.component.ts
FN:15,(anonymous_0)
FN:29,(anonymous_1)
FN:49,(anonymous_2)
FNF:3
FNH:2
FNDA:7,(anonymous_0)
FNDA:2,(anonymous_1)
FNDA:0,(anonymous_2)
DA:11,1
DA:16,7
DA:17,7
DA:18,7
DA:44,2
DA:45,2
DA:50,0
LF:7
LH:6
BRDA:44,0,0,2
BRDA:44,0,1,0
BRF:2
BRH:1
end_of_record
TN:
SF:C:\Users\digvijay.misal\Desktop\Work\Contact-app\contact-app\src\app\contact\contact-list\contact-list.component.ts
FN:15,(anonymous_0)
FN:18,(anonymous_1)
FN:23,(anonymous_2)
FN:24,(anonymous_3)
FN:28,(anonymous_4)
FN:29,(anonymous_5)
FN:33,(anonymous_6)
FN:39,(anonymous_7)
FN:43,(anonymous_8)
FNF:9
FNH:3
FNDA:7,(anonymous_0)
FNDA:7,(anonymous_1)
FNDA:0,(anonymous_2)
FNDA:0,(anonymous_3)
FNDA:0,(anonymous_4)
FNDA:0,(anonymous_5)
FNDA:2,(anonymous_6)
FNDA:0,(anonymous_7)
FNDA:0,(anonymous_8)
DA:14,1
DA:15,7
DA:16,7
DA:19,7
DA:20,7
DA:24,0
DA:25,0
DA:29,0
DA:30,0
DA:34,2
DA:39,2
DA:40,0
DA:41,0
DA:42,0
DA:43,0
DA:45,0
DA:46,0
DA:49,0
LF:18
LH:7
BRDA:19,0,0,0
BRDA:19,0,1,7
BRDA:36,1,0,2
BRDA:36,1,1,0
BRDA:41,2,0,0
BRDA:41,2,1,0
BRDA:42,3,0,0
BRDA:42,3,1,0
BRDA:45,4,0,0
BRDA:45,4,1,0
BRF:10
BRH:2
end_of_record
TN:
SF:C:\Users\digvijay.misal\Desktop\Work\Contact-app\contact-app\src\app\contact\services\data.ts
FN:5,(anonymous_0)
FNF:1
FNH:1
FNDA:7,(anonymous_0)
DA:5,1
DA:6,7
LF:2
LH:2
BRF:0
BRH:0
end_of_record
TN:
SF:C:\Users\digvijay.misal\Desktop\Work\Contact-app\contact-app\src\app\contact\services\utilityService.ts
FN:5,(anonymous_0)
FN:9,(anonymous_1)
FNF:2
FNH:1
FNDA:0,(anonymous_0)
FNDA:7,(anonymous_1)
DA:3,1
DA:6,0
DA:10,7
LF:3
LH:2
BRF:0
BRH:0
end_of_record
TN:
SF:C:\Users\digvijay.misal\Desktop\Work\Contact-app\contact-app\src\app\shared\shared.module.ts
FNF:0
FNH:0
DA:50,1
LF:1
LH:1
BRF:0
BRH:0
end_of_record
